[Message:   BepInEx] BepInEx 5.4.21.0 - Gorilla Tag (5/13/2023 12:41:20 AM)
[Info   :   BepInEx] Running under Unity v2019.3.15.5898046
[Info   :   BepInEx] CLR runtime version: 4.0.30319.17020
[Info   :   BepInEx] Supports SRE: False
[Info   :   BepInEx] System platform: Bits64, Windows
[Message:   BepInEx] Preloader started
[Info   :   BepInEx] Loaded 1 patcher method from [BepInEx.Preloader 5.4.21.0]
[Info   :   BepInEx] 1 patcher plugin loaded
[Info   :   BepInEx] Patching [UnityEngine.CoreModule] with [BepInEx.Chainloader]
[Message:   BepInEx] Preloader finished
[Message:   BepInEx] Chainloader ready
[Message:   BepInEx] Chainloader started
[Info   :   BepInEx] 6 plugins to load
[Info   :   BepInEx] Loading [Bepinject 1.0.1]
[Info   :   BepInEx] Loading [Utilla 1.6.7]
[Error  :   BepInEx] Could not load [J7CHEAT 1.0.0] because it has missing dependencies: org.J7.Cheats.utilla (v1.5.0 or newer)
[Info   :   BepInEx] Loading [Computer Interface 1.5.4]
[Info   :   BepInEx] Loading [Computer Interface Commands 1.5.4]
[Info   :   BepInEx] Loading [CI Server Browser 1.5.4]
[Message:   BepInEx] Chainloader startup complete
